2024-04-25 09:59:41.853  INFO 24892 --- [restartedMain] c.e.converter.ConverterApplication       : Starting ConverterApplication using Java 11.0.19 on hydlap1011 with PID 24892 (/mnt/c/Users/elangova/Downloads/converter/build/classes/java/main started by elangova in /mnt/c/Users/elangova/Downloads/converter)
2024-04-25 09:59:41.855  INFO 24892 --- [restartedMain] c.e.converter.ConverterApplication       : No active profile set, falling back to 1 default profile: "default"
2024-04-25 09:59:41.906  INFO 24892 --- [restartedMain] .e.DevToolsPropertyDefaultsPostProcessor : Devtools property defaults active! Set 'spring.devtools.add-properties' to 'false' to disable
2024-04-25 09:59:41.906  INFO 24892 --- [restartedMain] .e.DevToolsPropertyDefaultsPostProcessor : For additional web related logging consider setting the 'logging.level.web' property to 'DEBUG'
2024-04-25 09:59:42.825  INFO 24892 --- [restartedMain] o.s.b.w.embedded.tomcat.TomcatWebServer  : Tomcat initialized with port(s): 8080 (http)
2024-04-25 09:59:42.833  INFO 24892 --- [restartedMain] o.apache.catalina.core.StandardService   : Starting service [Tomcat]
2024-04-25 09:59:42.833  INFO 24892 --- [restartedMain] org.apache.catalina.core.StandardEngine  : Starting Servlet engine: [Apache Tomcat/9.0.78]
2024-04-25 09:59:42.906  INFO 24892 --- [restartedMain] o.a.c.c.C.[Tomcat].[localhost].[/]       : Initializing Spring embedded WebApplicationContext
2024-04-25 09:59:42.906  INFO 24892 --- [restartedMain] w.s.c.ServletWebServerApplicationContext : Root WebApplicationContext: initialization completed in 988 ms
2024-04-25 09:59:43.231  INFO 24892 --- [restartedMain] o.s.b.d.a.OptionalLiveReloadServer       : LiveReload server is running on port 35729
2024-04-25 09:59:43.256  INFO 24892 --- [restartedMain] o.s.b.w.embedded.tomcat.TomcatWebServer  : Tomcat started on port(s): 8080 (http) with context path ''
2024-04-25 09:59:43.266  INFO 24892 --- [restartedMain] c.e.converter.ConverterApplication       : Started ConverterApplication in 1.96 seconds (JVM running for 2.355)
2024-04-25 10:02:38.808  INFO 28909 --- [restartedMain] c.e.converter.ConverterApplication       : Starting ConverterApplication using Java 11.0.19 on hydlap1011 with PID 28909 (/mnt/c/Users/elangova/Downloads/converter/build/classes/java/main started by elangova in /mnt/c/Users/elangova/Downloads/converter)
2024-04-25 10:02:38.811  INFO 28909 --- [restartedMain] c.e.converter.ConverterApplication       : No active profile set, falling back to 1 default profile: "default"
2024-04-25 10:02:38.905  INFO 28909 --- [restartedMain] .e.DevToolsPropertyDefaultsPostProcessor : Devtools property defaults active! Set 'spring.devtools.add-properties' to 'false' to disable
2024-04-25 10:02:38.906  INFO 28909 --- [restartedMain] .e.DevToolsPropertyDefaultsPostProcessor : For additional web related logging consider setting the 'logging.level.web' property to 'DEBUG'
2024-04-25 10:02:40.030  INFO 28909 --- [restartedMain] o.s.b.w.embedded.tomcat.TomcatWebServer  : Tomcat initialized with port(s): 8080 (http)
2024-04-25 10:02:40.037  INFO 28909 --- [restartedMain] o.apache.catalina.core.StandardService   : Starting service [Tomcat]
2024-04-25 10:02:40.038  INFO 28909 --- [restartedMain] org.apache.catalina.core.StandardEngine  : Starting Servlet engine: [Apache Tomcat/9.0.78]
2024-04-25 10:02:40.120  INFO 28909 --- [restartedMain] o.a.c.c.C.[Tomcat].[localhost].[/]       : Initializing Spring embedded WebApplicationContext
2024-04-25 10:02:40.120  INFO 28909 --- [restartedMain] w.s.c.ServletWebServerApplicationContext : Root WebApplicationContext: initialization completed in 1213 ms
2024-04-25 10:02:40.436  INFO 28909 --- [restartedMain] o.s.b.d.a.OptionalLiveReloadServer       : LiveReload server is running on port 35729
2024-04-25 10:02:40.465  INFO 28909 --- [restartedMain] o.s.b.w.embedded.tomcat.TomcatWebServer  : Tomcat started on port(s): 8080 (http) with context path ''
2024-04-25 10:02:40.475  INFO 28909 --- [restartedMain] c.e.converter.ConverterApplication       : Started ConverterApplication in 2.193 seconds (JVM running for 2.578)
2024-04-25 10:12:08.321  INFO 9489 --- [restartedMain] c.e.converter.ConverterApplication       : Starting ConverterApplication using Java 11.0.19 on hydlap1011 with PID 9489 (/mnt/c/Users/elangova/Downloads/converter/build/classes/java/main started by elangova in /mnt/c/Users/elangova/Downloads/converter)
2024-04-25 10:12:08.322  INFO 9489 --- [restartedMain] c.e.converter.ConverterApplication       : No active profile set, falling back to 1 default profile: "default"
2024-04-25 10:12:08.365  INFO 9489 --- [restartedMain] .e.DevToolsPropertyDefaultsPostProcessor : Devtools property defaults active! Set 'spring.devtools.add-properties' to 'false' to disable
2024-04-25 10:12:08.365  INFO 9489 --- [restartedMain] .e.DevToolsPropertyDefaultsPostProcessor : For additional web related logging consider setting the 'logging.level.web' property to 'DEBUG'
2024-04-25 10:12:09.247  INFO 9489 --- [restartedMain] o.s.b.w.embedded.tomcat.TomcatWebServer  : Tomcat initialized with port(s): 8080 (http)
2024-04-25 10:12:09.255  INFO 9489 --- [restartedMain] o.apache.catalina.core.StandardService   : Starting service [Tomcat]
2024-04-25 10:12:09.255  INFO 9489 --- [restartedMain] org.apache.catalina.core.StandardEngine  : Starting Servlet engine: [Apache Tomcat/9.0.78]
2024-04-25 10:12:09.327  INFO 9489 --- [restartedMain] o.a.c.c.C.[Tomcat].[localhost].[/]       : Initializing Spring embedded WebApplicationContext
2024-04-25 10:12:09.328  INFO 9489 --- [restartedMain] w.s.c.ServletWebServerApplicationContext : Root WebApplicationContext: initialization completed in 962 ms
2024-04-25 10:12:09.748  INFO 9489 --- [restartedMain] o.s.b.d.a.OptionalLiveReloadServer       : LiveReload server is running on port 35729
2024-04-25 10:12:09.795  INFO 9489 --- [restartedMain] o.s.b.w.embedded.tomcat.TomcatWebServer  : Tomcat started on port(s): 8080 (http) with context path ''
2024-04-25 10:12:09.808  INFO 9489 --- [restartedMain] c.e.converter.ConverterApplication       : Started ConverterApplication in 1.872 seconds (JVM running for 2.303)
